d:\ga\ukeylauncherdll\ukeylauncherdll\debug\ukeylauncherdll.pch
d:\ga\ukeylauncherdll\ukeylauncherdll\debug\vc120.pdb
d:\ga\ukeylauncherdll\ukeylauncherdll\debug\vc120.idb
d:\ga\ukeylauncherdll\ukeylauncherdll\debug\stdafx.obj
d:\ga\ukeylauncherdll\ukeylauncherdll\debug\dllmain.obj
d:\ga\ukeylauncherdll\ukeylauncherdll\debug\ukeylauncherdll.obj
d:\ga\ukeylauncherdll\debug\ukeylauncherdll.ilk
d:\ga\ukeylauncherdll\debug\ukeylauncherdll.dll
d:\ga\ukeylauncherdll\debug\ukeylauncherdll.pdb
d:\ga\ukeylauncherdll\debug\ukeylauncherdll.lib
d:\ga\ukeylauncherdll\debug\ukeylauncherdll.exp
c:\users\gwq\desktop\ggaa\ukeylauncherdll\ukeylauncherdll\debug\dllmain.obj
c:\users\gwq\desktop\ggaa\ukeylauncherdll\ukeylauncherdll\debug\stdafx.obj
c:\users\gwq\desktop\ggaa\ukeylauncherdll\ukeylauncherdll\debug\ukeylauncherdll.obj
c:\users\gwq\desktop\ggaa\ukeylauncherdll\ukeylauncherdll\debug\ukeylauncherdll.pch
c:\users\gwq\desktop\ggaa\ukeylauncherdll\ukeylauncherdll\debug\vc120.idb
c:\users\gwq\desktop\ggaa\ukeylauncherdll\ukeylauncherdll\debug\vc120.pdb
c:\users\gwq\desktop\ggaa\ukeylauncherdll\debug\ukeylauncherdll.pdb
c:\users\gwq\desktop\ggaa\ukeylauncherdll\debug\ukeylauncherdll.dll
c:\users\gwq\desktop\ggaa\ukeylauncherdll\debug\ukeylauncherdll.ilk
c:\users\gwq\desktop\ggaa\ukeylauncherdll\ukeylauncherdll\debug\ukeylauncherdll.tlog\cl.command.1.tlog
c:\users\gwq\desktop\ggaa\ukeylauncherdll\ukeylauncherdll\debug\ukeylauncherdll.tlog\cl.read.1.tlog
c:\users\gwq\desktop\ggaa\ukeylauncherdll\ukeylauncherdll\debug\ukeylauncherdll.tlog\cl.write.1.tlog
c:\users\gwq\desktop\ggaa\ukeylauncherdll\ukeylauncherdll\debug\ukeylauncherdll.tlog\link.command.1.tlog
c:\users\gwq\desktop\ggaa\ukeylauncherdll\ukeylauncherdll\debug\ukeylauncherdll.tlog\link.read.1.tlog
c:\users\gwq\desktop\ggaa\ukeylauncherdll\ukeylauncherdll\debug\ukeylauncherdll.tlog\link.write.1.tlog
c:\users\gwq\desktop\ggaa\ukeylauncherdll\ukeylauncherdll\debug\ukeylauncherdll.tlog\ukeylauncherdll.write.1u.tlog
